2016-04-04 18:30:04,399  WARN [ModalContext] - ScalaProject - Project js has platform default sourceLevel.
2016-04-04 18:30:04,401  WARN [ModalContext] - ScalaProject - Project js runs on platform default installation.
2016-04-04 18:30:05,501  WARN [ModalContext] - ScalaProject - Project jvm has platform default sourceLevel.
2016-04-04 18:30:05,501  WARN [ModalContext] - ScalaProject - Project jvm runs on platform default installation.
2016-04-04 18:30:06,515  WARN [ModalContext] - ScalaProject - Project js has platform default sourceLevel.
2016-04-04 18:30:06,515  WARN [ModalContext] - ScalaProject - Project js runs on platform default installation.
2016-04-04 18:30:06,547  WARN [ModalContext] - ScalaProject - Project jvm has platform default sourceLevel.
2016-04-04 18:30:06,547  WARN [ModalContext] - ScalaProject - Project jvm runs on platform default installation.
2016-04-04 18:30:07,504  WARN [main] - org.scala-ide.sdt.core - org.scala-ide.sdt.core - org.scala-ide.sdt.core - 0 - Preference scala.compiler.sourceLevel was uninitialized for js, setting default to 2.11.
2016-04-04 18:30:07,512  WARN [main] - org.scala-ide.sdt.core - org.scala-ide.sdt.core - org.scala-ide.sdt.core - 0 - Preference scala.compiler.installation was uninitialized for js, setting default to 2.11.
2016-04-04 18:30:33,694  WARN [Worker-0] - ScalaProject - Project jvm has platform default sourceLevel.
2016-04-04 18:30:33,696  WARN [Worker-0] - ScalaProject - Project jvm runs on platform default installation.
2016-04-04 18:30:33,717  WARN [Worker-0] - ScalaProject - Project jvm has platform default sourceLevel.
2016-04-04 18:30:33,717  WARN [Worker-0] - ScalaProject - Project jvm runs on platform default installation.
2016-04-04 18:31:18,369  WARN [Worker-1] - ScalaProject - Project jvm has platform default sourceLevel.
2016-04-04 18:31:18,369  WARN [Worker-1] - ScalaProject - Project jvm runs on platform default installation.
2016-04-04 18:31:18,727  WARN [Java indexing] - ScalaProject - Project jvm has platform default sourceLevel.
2016-04-04 18:31:18,727  WARN [Java indexing] - ScalaProject - Project jvm runs on platform default installation.
2016-04-04 18:31:21,674  WARN [Worker-1] - ScalaProject - Project jvm has platform default sourceLevel.
2016-04-04 18:31:21,674  WARN [Worker-1] - ScalaProject - Project jvm runs on platform default installation.
2016-04-04 18:31:40,379  WARN [Worker-7] - ScalaProject - Project jvm has platform default sourceLevel.
2016-04-04 18:31:40,380  WARN [Worker-7] - ScalaProject - Project jvm runs on platform default installation.
2016-04-04 18:31:40,458 ERROR [main] - org.scala-ide.sdt.core - org.scala-ide.sdt.core - org.scala-ide.sdt.core - 0 - Error in Scala compiler
scala.reflect.internal.FatalError: C:\Users\Moi\EPFL\nicesbt\project\jvm\src\main\scala-2.11 does not exist or is not a directory
	at scala.tools.nsc.settings.MutableSettings$OutputDirs.checkDir(MutableSettings.scala:271)
	at scala.tools.nsc.settings.MutableSettings$OutputDirs.add(MutableSettings.scala:261)
	at xsbt.CachedCompiler0$$anonfun$2.apply(CompilerInterface.scala:72)
	at xsbt.CachedCompiler0$$anonfun$2.apply(CompilerInterface.scala:71)
	at scala.collection.IndexedSeqOptimized$class.foreach(IndexedSeqOptimized.scala:33)
	at scala.collection.mutable.ArrayOps$ofRef.foreach(ArrayOps.scala:186)
	at xsbt.CachedCompiler0.<init>(CompilerInterface.scala:71)
	at xsbt.CompilerInterface.newCompiler(CompilerInterface.scala:23)
	at sun.reflect.NativeMethodAccessorImpl.invoke0(Native Method)
	at sun.reflect.NativeMethodAccessorImpl.invoke(Unknown Source)
	at sun.reflect.DelegatingMethodAccessorImpl.invoke(Unknown Source)
	at java.lang.reflect.Method.invoke(Unknown Source)
	at sbt.compiler.AnalyzingCompiler.call(AnalyzingCompiler.scala:101)
	at sbt.compiler.AnalyzingCompiler.newCachedCompiler(AnalyzingCompiler.scala:56)
	at sbt.compiler.AnalyzingCompiler.newCachedCompiler(AnalyzingCompiler.scala:51)
	at sbt.compiler.CompilerCache$$anon$2.apply(CompilerCache.scala:47)
	at sbt.compiler.AnalyzingCompiler.compile(AnalyzingCompiler.scala:39)
	at sbt.compiler.AggressiveCompile$$anonfun$3$$anonfun$compileScala$1$1.apply$mcV$sp(AggressiveCompile.scala:95)
	at sbt.compiler.AggressiveCompile$$anonfun$3$$anonfun$compileScala$1$1.apply(AggressiveCompile.scala:95)
	at sbt.compiler.AggressiveCompile$$anonfun$3$$anonfun$compileScala$1$1.apply(AggressiveCompile.scala:95)
	at sbt.compiler.AggressiveCompile.sbt$compiler$AggressiveCompile$$timed(AggressiveCompile.scala:165)
	at sbt.compiler.AggressiveCompile$$anonfun$3.compileScala$1(AggressiveCompile.scala:94)
	at sbt.compiler.AggressiveCompile$$anonfun$3.apply(AggressiveCompile.scala:142)
	at sbt.compiler.AggressiveCompile$$anonfun$3.apply(AggressiveCompile.scala:84)
	at sbt.inc.IncrementalCompile$$anonfun$doCompile$1.apply(Compile.scala:66)
	at sbt.inc.IncrementalCompile$$anonfun$doCompile$1.apply(Compile.scala:64)
	at sbt.inc.IncrementalCommon.cycle(IncrementalCommon.scala:31)
	at sbt.inc.Incremental$$anonfun$1.apply(Incremental.scala:62)
	at sbt.inc.Incremental$$anonfun$1.apply(Incremental.scala:61)
	at sbt.inc.Incremental$.manageClassfiles(Incremental.scala:89)
	at sbt.inc.Incremental$.compile(Incremental.scala:61)
	at sbt.inc.IncrementalCompile$.apply(Compile.scala:54)
	at sbt.compiler.AggressiveCompile.compile2(AggressiveCompile.scala:156)
	at sbt.compiler.AggressiveCompile.compile1(AggressiveCompile.scala:68)
	at sbt.compiler.AggressiveCompile.apply(AggressiveCompile.scala:43)
	at org.scalaide.util.internal.Suppress$DeprecatedWarning$$anonfun$aggressivelyCompile$1.apply(Suppress.scala:72)
	at org.scalaide.util.internal.Suppress$DeprecatedWarning$$anonfun$aggressivelyCompile$1.apply(Suppress.scala:72)
	at org.scalaide.core.internal.builder.zinc.EclipseSbtBuildManager.aggressiveCompile(EclipseSbtBuildManager.scala:221)
	at org.scalaide.core.internal.builder.zinc.EclipseSbtBuildManager.runCompiler(EclipseSbtBuildManager.scala:146)
	at org.scalaide.core.internal.builder.zinc.EclipseSbtBuildManager.update(EclipseSbtBuildManager.scala:128)
	at org.scalaide.core.internal.builder.zinc.EclipseSbtBuildManager.build(EclipseSbtBuildManager.scala:88)
	at org.scalaide.core.internal.project.scopes.BuildScopeUnit.build(BuildScopeUnit.scala:73)
	at org.scalaide.core.internal.project.SbtScopesBuildManager$$anonfun$build$1.apply(SbtScopesBuildManager.scala:53)
	at org.scalaide.core.internal.project.SbtScopesBuildManager$$anonfun$build$1.apply(SbtScopesBuildManager.scala:50)
	at scala.collection.immutable.List.foreach(List.scala:381)
	at org.scalaide.core.internal.project.SbtScopesBuildManager.build(SbtScopesBuildManager.scala:50)
	at org.scalaide.core.internal.project.ScalaProject.build(ScalaProject.scala:619)
	at org.scalaide.core.internal.builder.ScalaBuilder.build(ScalaBuilder.scala:117)
	at org.eclipse.core.internal.events.BuildManager$2.run(BuildManager.java:734)
	at org.eclipse.core.runtime.SafeRunner.run(SafeRunner.java:42)
	at org.eclipse.core.internal.events.BuildManager.basicBuild(BuildManager.java:206)
	at org.eclipse.core.internal.events.BuildManager.basicBuild(BuildManager.java:246)
	at org.eclipse.core.internal.events.BuildManager$1.run(BuildManager.java:299)
	at org.eclipse.core.runtime.SafeRunner.run(SafeRunner.java:42)
	at org.eclipse.core.internal.events.BuildManager.basicBuild(BuildManager.java:302)
	at org.eclipse.core.internal.events.BuildManager.basicBuildLoop(BuildManager.java:358)
	at org.eclipse.core.internal.events.BuildManager.build(BuildManager.java:381)
	at org.eclipse.core.internal.events.AutoBuildJob.doBuild(AutoBuildJob.java:143)
	at org.eclipse.core.internal.events.AutoBuildJob.run(AutoBuildJob.java:241)
	at org.eclipse.core.internal.jobs.Worker.run(Worker.java:54)
2016-04-04 18:31:44,040  WARN [Worker-0] - ScalaProject - Project jvm has platform default sourceLevel.
2016-04-04 18:31:44,041  WARN [Worker-0] - ScalaProject - Project jvm runs on platform default installation.
2016-04-04 18:31:44,389  WARN [Java indexing] - ScalaProject - Project jvm has platform default sourceLevel.
2016-04-04 18:31:44,389  WARN [Java indexing] - ScalaProject - Project jvm runs on platform default installation.
2016-04-04 18:31:45,906  WARN [Worker-0] - ScalaProject - Project jvm has platform default sourceLevel.
2016-04-04 18:31:45,907  WARN [Worker-0] - ScalaProject - Project jvm runs on platform default installation.
2016-04-04 18:32:21,884  WARN [org.scalaide.ui.internal.reconciliation.ScalaReconciler] - TraverserImpl$ - Skipping annotation, position length = 0, position offset = 883
2016-04-04 18:32:23,016  WARN [org.scalaide.ui.internal.reconciliation.ScalaReconciler] - TraverserImpl$ - Skipping annotation, position length = 0, position offset = 883
2016-04-04 18:33:10,666 ERROR [Text Viewer Hover Presenter] - IScalaPresentationCompiler$ - Ignoring InterruptException
2016-04-04 18:33:10,666 ERROR [Text Viewer Hover Presenter] - IScalaPresentationCompiler$ - Ignoring InterruptException
2016-04-04 18:33:10,666 ERROR [Text Viewer Hover Presenter] - IScalaPresentationCompiler$ - Ignoring InterruptException
2016-04-04 18:33:30,642 ERROR [Text Viewer Hover Presenter] - IScalaPresentationCompiler$ - Ignoring InterruptException
2016-04-04 18:33:30,652 ERROR [Text Viewer Hover Presenter] - IScalaPresentationCompiler$ - Ignoring InterruptException
2016-04-04 18:33:30,652 ERROR [Text Viewer Hover Presenter] - IScalaPresentationCompiler$ - Ignoring InterruptException
2016-04-04 18:33:53,395 ERROR [Text Viewer Hover Presenter] - IScalaPresentationCompiler$ - Ignoring InterruptException
2016-04-04 18:46:05,283  WARN [Worker-12] - ScalaProject - Project jvm has platform default sourceLevel.
2016-04-04 18:46:05,283  WARN [Worker-12] - ScalaProject - Project jvm runs on platform default installation.
2016-04-04 18:46:05,288  WARN [Worker-12] - ScalaProject - Project jvm has platform default sourceLevel.
2016-04-04 18:46:05,288  WARN [Worker-12] - ScalaProject - Project jvm runs on platform default installation.
2016-04-04 18:46:06,670  WARN [Worker-12] - ScalaProject - Project jvm has platform default sourceLevel.
2016-04-04 18:46:06,670  WARN [Worker-12] - ScalaProject - Project jvm runs on platform default installation.
2016-04-04 18:47:16,832 ERROR [Text Viewer Hover Presenter] - IScalaPresentationCompiler$ - Ignoring InterruptException
2016-04-04 18:47:16,833 ERROR [Text Viewer Hover Presenter] - IScalaPresentationCompiler$ - Ignoring InterruptException
